<?xml version="1.0" encoding="UTF-8"?>
<!-- Generated by org.testng.reporters.JUnitXMLReporter -->
<testsuite ignored="0" hostname="ARIF" failures="0" tests="5" name="Test" time="86.191" errors="0" timestamp="2025-01-26T09:52:06 IST">
  <testcase classname="testCases.TC041_LoginDDT" name="Verify_LoginDDT" time="3.737"/>
  <testcase classname="testCases.TC041_LoginDDT" name="Verify_LoginDDT" time="22.547"/>
  <testcase classname="testCases.TC041_LoginDDT" name="Verify_LoginDDT" time="22.36"/>
  <testcase classname="testCases.TC041_LoginDDT" name="Verify_LoginDDT" time="22.207"/>
  <testcase classname="testCases.TC041_LoginDDT" name="Verify_LoginDDT" time="3.612"/>
</testsuite> <!-- Test -->
